<?xml version="1.0" encoding="UTF-8"?>
<coverage generated="1733388083542" clover="3.2.0">
  <project timestamp="1733388083542" name="All files">
    <metrics statements="30" coveredstatements="28" conditionals="9" coveredconditionals="7" methods="6" coveredmethods="5" elements="45" coveredelements="40" complexity="0" loc="30" ncloc="30" packages="2" files="3" classes="3"/>
    <package name="promise">
      <metrics statements="27" coveredstatements="25" conditionals="9" coveredconditionals="7" methods="6" coveredmethods="5"/>
      <file name="check-server.ts" path="/Users/ductrung/Projects/interviews/scentronix/fullstack/server-healthcheck/src/promise/check-server.ts">
        <metrics statements="11" coveredstatements="9" conditionals="4" coveredconditionals="2" methods="3" coveredmethods="2"/>
        <line num="1" count="2" type="stmt"/>
        <line num="5" count="2" type="stmt"/>
        <line num="6" count="9" type="stmt"/>
        <line num="7" count="9" type="stmt"/>
        <line num="8" count="9" type="stmt"/>
        <line num="9" count="0" type="stmt"/>
        <line num="12" count="9" type="stmt"/>
        <line num="13" count="6" type="cond" truecount="2" falsecount="2"/>
        <line num="14" count="6" type="stmt"/>
        <line num="16" count="0" type="stmt"/>
        <line num="19" count="2" type="stmt"/>
      </file>
      <file name="find-server.ts" path="/Users/ductrung/Projects/interviews/scentronix/fullstack/server-healthcheck/src/promise/find-server.ts">
        <metrics statements="16" coveredstatements="16" conditionals="5" coveredconditionals="5" methods="3" coveredmethods="3"/>
        <line num="2" count="1" type="stmt"/>
        <line num="4" count="1" type="stmt"/>
        <line num="5" count="3" type="stmt"/>
        <line num="6" count="3" type="stmt"/>
        <line num="7" count="3" type="stmt"/>
        <line num="9" count="6" type="stmt"/>
        <line num="10" count="3" type="stmt"/>
        <line num="12" count="3" type="stmt"/>
        <line num="13" count="6" type="cond" truecount="1" falsecount="0"/>
        <line num="14" count="5" type="cond" truecount="3" falsecount="0"/>
        <line num="15" count="3" type="stmt"/>
        <line num="16" count="3" type="stmt"/>
        <line num="21" count="3" type="cond" truecount="1" falsecount="0"/>
        <line num="22" count="1" type="stmt"/>
        <line num="25" count="2" type="stmt"/>
        <line num="27" count="1" type="stmt"/>
      </file>
    </package>
    <package name="tests.fixtures">
      <metrics statements="3" coveredstatements="3" conditionals="0" coveredconditionals="0" methods="0" coveredmethods="0"/>
      <file name="serverFixture.ts" path="/Users/ductrung/Projects/interviews/scentronix/fullstack/server-healthcheck/src/tests/fixtures/serverFixture.ts">
        <metrics statements="3" coveredstatements="3" conditionals="0" coveredconditionals="0" methods="0" coveredmethods="0"/>
        <line num="1" count="2" type="stmt"/>
        <line num="8" count="2" type="stmt"/>
        <line num="15" count="2" type="stmt"/>
      </file>
    </package>
  </project>
</coverage>
