{"/Users/ductrung/Projects/interviews/scentronix/fullstack/server-healthcheck/src/promise/check-server.ts": {"path":"/Users/ductrung/Projects/interviews/scentronix/fullstack/server-healthcheck/src/promise/check-server.ts","statementMap":{"0":{"start":{"line":5,"column":0},"end":{"line":5,"column":24}},"1":{"start":{"line":1,"column":0},"end":{"line":1,"column":31}},"2":{"start":{"line":6,"column":2},"end":{"line":21,"column":5}},"3":{"start":{"line":7,"column":4},"end":{"line":20,"column":5}},"4":{"start":{"line":8,"column":6},"end":{"line":10,"column":15}},"5":{"start":{"line":9,"column":8},"end":{"line":9,"column":46}},"6":{"start":{"line":12,"column":23},"end":{"line":12,"column":46}},"7":{"start":{"line":13,"column":6},"end":{"line":17,"column":7}},"8":{"start":{"line":14,"column":8},"end":{"line":14,"column":24}},"9":{"start":{"line":16,"column":8},"end":{"line":16,"column":57}},"10":{"start":{"line":19,"column":6},"end":{"line":19,"column":20}}},"fnMap":{"0":{"name":"checkServer","decl":{"start":{"line":5,"column":24},"end":{"line":5,"column":35}},"loc":{"start":{"line":5,"column":50},"end":{"line":22,"column":1}}},"1":{"name":"(anonymous_2)","decl":{"start":{"line":6,"column":21},"end":{"line":6,"column":26}},"loc":{"start":{"line":6,"column":47},"end":{"line":21,"column":3}}},"2":{"name":"(anonymous_3)","decl":{"start":{"line":8,"column":17},"end":{"line":8,"column":20}},"loc":{"start":{"line":8,"column":22},"end":{"line":10,"column":7}}}},"branchMap":{"0":{"loc":{"start":{"line":13,"column":6},"end":{"line":17,"column":7}},"type":"if","locations":[{"start":{"line":13,"column":6},"end":{"line":17,"column":7}},{"start":{"line":15,"column":13},"end":{"line":17,"column":7}}]},"1":{"loc":{"start":{"line":13,"column":10},"end":{"line":13,"column":58}},"type":"binary-expr","locations":[{"start":{"line":13,"column":10},"end":{"line":13,"column":32}},{"start":{"line":13,"column":36},"end":{"line":13,"column":58}}]}},"s":{"0":2,"1":2,"2":9,"3":9,"4":9,"5":0,"6":9,"7":6,"8":6,"9":0,"10":2},"f":{"0":9,"1":9,"2":0},"b":{"0":[6,0],"1":[6,0]}}
,"/Users/ductrung/Projects/interviews/scentronix/fullstack/server-healthcheck/src/promise/find-server.ts": {"path":"/Users/ductrung/Projects/interviews/scentronix/fullstack/server-healthcheck/src/promise/find-server.ts","statementMap":{"0":{"start":{"line":4,"column":0},"end":{"line":4,"column":15}},"1":{"start":{"line":2,"column":0},"end":{"line":2,"column":41}},"2":{"start":{"line":5,"column":2},"end":{"line":28,"column":3}},"3":{"start":{"line":6,"column":26},"end":{"line":6,"column":28}},"4":{"start":{"line":7,"column":37},"end":{"line":7,"column":42}},"5":{"start":{"line":9,"column":4},"end":{"line":9,"column":71}},"6":{"start":{"line":9,"column":30},"end":{"line":9,"column":69}},"7":{"start":{"line":10,"column":20},"end":{"line":10,"column":59}},"8":{"start":{"line":12,"column":4},"end":{"line":19,"column":7}},"9":{"start":{"line":13,"column":6},"end":{"line":18,"column":7}},"10":{"start":{"line":14,"column":8},"end":{"line":17,"column":9}},"11":{"start":{"line":15,"column":10},"end":{"line":15,"column":38}},"12":{"start":{"line":16,"column":10},"end":{"line":16,"column":33}},"13":{"start":{"line":21,"column":4},"end":{"line":23,"column":5}},"14":{"start":{"line":22,"column":6},"end":{"line":22,"column":47}},"15":{"start":{"line":25,"column":4},"end":{"line":25,"column":24}},"16":{"start":{"line":27,"column":4},"end":{"line":27,"column":16}}},"fnMap":{"0":{"name":"findServer","decl":{"start":{"line":4,"column":30},"end":{"line":4,"column":40}},"loc":{"start":{"line":4,"column":58},"end":{"line":29,"column":1}}},"1":{"name":"(anonymous_2)","decl":{"start":{"line":9,"column":20},"end":{"line":9,"column":26}},"loc":{"start":{"line":9,"column":30},"end":{"line":9,"column":69}}},"2":{"name":"(anonymous_3)","decl":{"start":{"line":12,"column":20},"end":{"line":12,"column":21}},"loc":{"start":{"line":12,"column":24},"end":{"line":19,"column":5}}}},"branchMap":{"0":{"loc":{"start":{"line":13,"column":6},"end":{"line":18,"column":7}},"type":"if","locations":[{"start":{"line":13,"column":6},"end":{"line":18,"column":7}}]},"1":{"loc":{"start":{"line":14,"column":8},"end":{"line":17,"column":9}},"type":"if","locations":[{"start":{"line":14,"column":8},"end":{"line":17,"column":9}}]},"2":{"loc":{"start":{"line":14,"column":12},"end":{"line":14,"column":61}},"type":"binary-expr","locations":[{"start":{"line":14,"column":12},"end":{"line":14,"column":30}},{"start":{"line":14,"column":34},"end":{"line":14,"column":61}}]},"3":{"loc":{"start":{"line":21,"column":4},"end":{"line":23,"column":5}},"type":"if","locations":[{"start":{"line":21,"column":4},"end":{"line":23,"column":5}}]}},"s":{"0":1,"1":1,"2":3,"3":3,"4":3,"5":3,"6":6,"7":3,"8":3,"9":6,"10":5,"11":3,"12":3,"13":3,"14":1,"15":2,"16":1},"f":{"0":3,"1":6,"2":6},"b":{"0":[5],"1":[3],"2":[5,3],"3":[1]}}
,"/Users/ductrung/Projects/interviews/scentronix/fullstack/server-healthcheck/src/tests/fixtures/serverFixture.ts": {"path":"/Users/ductrung/Projects/interviews/scentronix/fullstack/server-healthcheck/src/tests/fixtures/serverFixture.ts","statementMap":{"0":{"start":{"line":1,"column":13},"end":{"line":6,"column":2}},"1":{"start":{"line":8,"column":13},"end":{"line":13,"column":2}},"2":{"start":{"line":15,"column":13},"end":{"line":35,"column":2}}},"fnMap":{},"branchMap":{},"s":{"0":2,"1":2,"2":2},"f":{},"b":{}}
}
