TN:
SF:src/promise/check-server.ts
FN:5,checkServer
FN:6,(anonymous_2)
FN:8,(anonymous_3)
FNF:3
FNH:2
FNDA:9,checkServer
FNDA:9,(anonymous_2)
FNDA:0,(anonymous_3)
DA:1,2
DA:5,2
DA:6,9
DA:7,9
DA:8,9
DA:9,0
DA:12,9
DA:13,6
DA:14,6
DA:16,0
DA:19,2
LF:11
LH:9
BRDA:13,0,0,6
BRDA:13,0,1,0
BRDA:13,1,0,6
BRDA:13,1,1,0
BRF:4
BRH:2
end_of_record
TN:
SF:src/promise/find-server.ts
FN:4,findServer
FN:9,(anonymous_2)
FN:12,(anonymous_3)
FNF:3
FNH:3
FNDA:3,findServer
FNDA:6,(anonymous_2)
FNDA:6,(anonymous_3)
DA:2,1
DA:4,1
DA:5,3
DA:6,3
DA:7,3
DA:9,6
DA:10,3
DA:12,3
DA:13,6
DA:14,5
DA:15,3
DA:16,3
DA:21,3
DA:22,1
DA:25,2
DA:27,1
LF:16
LH:16
BRDA:13,0,0,5
BRDA:14,1,0,3
BRDA:14,2,0,5
BRDA:14,2,1,3
BRDA:21,3,0,1
BRF:5
BRH:5
end_of_record
TN:
SF:src/tests/fixtures/serverFixture.ts
FNF:0
FNH:0
DA:1,2
DA:8,2
DA:15,2
LF:3
LH:3
BRF:0
BRH:0
end_of_record
